Build started 4/13/2014 6:44:58 PM.
     1>Project "C:\Users\Enrico\itsatrap\itsatrap\itsatrap\ItsATrapServer\ItsATrapServer.vcxproj" on node 2 (build target(s)).
     1>InitializeBuildStatus:
         Touching "Debug\ItsATrapServer.unsuccessfulbuild".
       ClCompile:
         All outputs are up-to-date.
       ManifestResourceCompile:
         All outputs are up-to-date.
       Link:
         C:\Program Files (x86)\Microsoft Visual Studio 10.0\VC\bin\link.exe /ERRORREPORT:PROMPT /OUT:"C:\Users\Enrico\itsatrap\itsatrap\itsatrap\Debug\ItsATrapServer.exe" /INCREMENTAL /NOLOGO ws2_32.lib kernel32.lib user32.lib gdi32.lib winspool.lib comdlg32.lib advapi32.lib shell32.lib ole32.lib oleaut32.lib uuid.lib odbc32.lib odbccp32.lib /MANIFEST /ManifestFile:"Debug\ItsATrapServer.exe.intermediate.manifest" /MANIFESTUAC:"level='asInvoker' uiAccess='false'" /DEBUG /PDB:"C:\Users\Enrico\itsatrap\itsatrap\itsatrap\Debug\ItsATrapServer.pdb" /SUBSYSTEM:CONSOLE /TLBID:1 /DYNAMICBASE /NXCOMPAT /IMPLIB:"C:\Users\Enrico\itsatrap\itsatrap\itsatrap\Debug\ItsATrapServer.lib" /MACHINE:X86 Debug\ItsATrapServer.exe.embed.manifest.res
         Debug\Server.obj
       Manifest:
         C:\Program Files (x86)\Microsoft SDKs\Windows\v7.0A\bin\mt.exe /nologo /verbose /out:"Debug\ItsATrapServer.exe.embed.manifest" /manifest Debug\ItsATrapServer.exe.intermediate.manifest
         All outputs are up-to-date.
       LinkEmbedManifest:
         All outputs are up-to-date.
         ItsATrapServer.vcxproj -> C:\Users\Enrico\itsatrap\itsatrap\itsatrap\Debug\ItsATrapServer.exe
       FinalizeBuildStatus:
         Deleting file "Debug\ItsATrapServer.unsuccessfulbuild".
         Touching "Debug\ItsATrapServer.lastbuildstate".
     1>Done Building Project "C:\Users\Enrico\itsatrap\itsatrap\itsatrap\ItsATrapServer\ItsATrapServer.vcxproj" (build target(s)).

Build succeeded.

Time Elapsed 00:00:02.43
