Build started 4/9/2014 8:01:46 PM.
     1>Project "C:\Users\alvin\Desktop\itsatrap\itsatrap\itsatrap.vcxproj" on node 2 (build target(s)).
     1>InitializeBuildStatus:
         Creating "Debug\itsatrap.unsuccessfulbuild" because "AlwaysCreate" was specified.
       ClCompile:
         c:\Program Files (x86)\Microsoft Visual Studio 10.0\VC\bin\CL.exe /c /IC:\Users\alvin\Desktop\itsatrap\/glut/include/ /ZI /nologo /W3 /WX- /Od /Oy- /D WIN32 /D _DEBUG /D _CONSOLE /D _UNICODE /D UNICODE /Gm /EHsc /RTC1 /MDd /GS /fp:precise /Zc:wchar_t /Zc:forScope /Fo"Debug\\" /Fd"Debug\vc100.pdb" /Gd /TP /analyze- /errorReport:prompt Camera.cpp cube.cpp Matrix4.cpp Vector3.cpp Vector4.cpp
         Vector4.cpp
     1>c:\users\alvin\desktop\itsatrap\itsatrap\vector4.cpp(172): warning C4244: 'initializing' : conversion from 'double' to 'float', possible loss of data
         Vector3.cpp
         Matrix4.cpp
     1>c:\users\alvin\desktop\itsatrap\itsatrap\matrix4.cpp(598): warning C4172: returning address of local variable or temporary
     1>c:\users\alvin\desktop\itsatrap\itsatrap\matrix4.cpp(588): warning C4101: 'i' : unreferenced local variable
         cube.cpp
         Camera.cpp
     1>c:\users\alvin\desktop\itsatrap\itsatrap\camera.cpp(96): warning C4172: returning address of local variable or temporary
         Generating Code...
       ManifestResourceCompile:
         C:\Program Files (x86)\Microsoft SDKs\Windows\v7.0A\bin\rc.exe /nologo /fo"Debug\itsatrap.exe.embed.manifest.res" Debug\itsatrap_manifest.rc 
       Link:
         c:\Program Files (x86)\Microsoft Visual Studio 10.0\VC\bin\link.exe /ERRORREPORT:PROMPT /OUT:"C:\Users\alvin\Desktop\itsatrap\Debug\itsatrap.exe" /INCREMENTAL /NOLOGO /LIBPATH:C:\Users\alvin\Desktop\itsatrap\/glut/lib/ kernel32.lib user32.lib gdi32.lib winspool.lib comdlg32.lib advapi32.lib shell32.lib ole32.lib oleaut32.lib uuid.lib odbc32.lib odbccp32.lib /MANIFEST /ManifestFile:"Debug\itsatrap.exe.intermediate.manifest" /MANIFESTUAC:"level='asInvoker' uiAccess='false'" /DEBUG /PDB:"C:\Users\alvin\Desktop\itsatrap\Debug\itsatrap.pdb" /SUBSYSTEM:CONSOLE /TLBID:1 /DYNAMICBASE /NXCOMPAT /IMPLIB:"C:\Users\alvin\Desktop\itsatrap\Debug\itsatrap.lib" /MACHINE:X86 Debug\itsatrap.exe.embed.manifest.res
         Debug\Camera.obj
         Debug\cube.obj
         Debug\Matrix4.obj
         Debug\Vector3.obj
         Debug\Vector4.obj
         LINK : C:\Users\alvin\Desktop\itsatrap\Debug\itsatrap.exe not found or not built by the last incremental link; performing full link
       Manifest:
         C:\Program Files (x86)\Microsoft SDKs\Windows\v7.0A\bin\mt.exe /nologo /verbose /out:"Debug\itsatrap.exe.embed.manifest" /manifest Debug\itsatrap.exe.intermediate.manifest
         All outputs are up-to-date.
       LinkEmbedManifest:
         All outputs are up-to-date.
         itsatrap.vcxproj -> C:\Users\alvin\Desktop\itsatrap\Debug\itsatrap.exe
       FinalizeBuildStatus:
         Deleting file "Debug\itsatrap.unsuccessfulbuild".
         Touching "Debug\itsatrap.lastbuildstate".
     1>Done Building Project "C:\Users\alvin\Desktop\itsatrap\itsatrap\itsatrap.vcxproj" (build target(s)).

Build succeeded.

Time Elapsed 00:00:05.19
