C:\USERS\ENRICO\ITSATRAP\ITSATRAP\ITSATRAP\DEBUG\ITSATRAP.EXE
C:\USERS\ENRICO\ITSATRAP\ITSATRAP\ITSATRAP\DEBUG\ITSATRAP.ILK
C:\USERS\ENRICO\ITSATRAP\ITSATRAP\ITSATRAP\DEBUG\ITSATRAP.PDB
C:\USERS\ENRICO\ITSATRAP\ITSATRAP\ITSATRAP\ITSATRAP\DEBUG\CAMERA.OBJ
C:\Users\Enrico\itsatrap\itsatrap\itsatrap\itsatrap\Debug\cl.command.1.tlog
C:\Users\Enrico\itsatrap\itsatrap\itsatrap\itsatrap\Debug\CL.read.1.tlog
C:\Users\Enrico\itsatrap\itsatrap\itsatrap\itsatrap\Debug\CL.write.1.tlog
C:\USERS\ENRICO\ITSATRAP\ITSATRAP\ITSATRAP\ITSATRAP\DEBUG\CLIENT.OBJ
C:\USERS\ENRICO\ITSATRAP\ITSATRAP\ITSATRAP\ITSATRAP\DEBUG\CUBE.OBJ
C:\USERS\ENRICO\ITSATRAP\ITSATRAP\ITSATRAP\ITSATRAP\DEBUG\GEODE.OBJ
C:\USERS\ENRICO\ITSATRAP\ITSATRAP\ITSATRAP\ITSATRAP\DEBUG\GROUP.OBJ
C:\USERS\ENRICO\ITSATRAP\ITSATRAP\ITSATRAP\ITSATRAP\DEBUG\ITSATRAP.EXE.EMBED.MANIFEST
C:\USERS\ENRICO\ITSATRAP\ITSATRAP\ITSATRAP\ITSATRAP\DEBUG\ITSATRAP.EXE.EMBED.MANIFEST.RES
C:\USERS\ENRICO\ITSATRAP\ITSATRAP\ITSATRAP\ITSATRAP\DEBUG\ITSATRAP.EXE.INTERMEDIATE.MANIFEST
C:\Users\Enrico\itsatrap\itsatrap\itsatrap\itsatrap\Debug\itsatrap.vcxprojResolveAssemblyReference.cache
C:\Users\Enrico\itsatrap\itsatrap\itsatrap\itsatrap\Debug\itsatrap.write.1.tlog
C:\Users\Enrico\itsatrap\itsatrap\itsatrap\itsatrap\Debug\itsatrap_manifest.rc
C:\Users\Enrico\itsatrap\itsatrap\itsatrap\itsatrap\Debug\link.2008.read.1.tlog
C:\Users\Enrico\itsatrap\itsatrap\itsatrap\itsatrap\Debug\link.2008.write.1.tlog
C:\Users\Enrico\itsatrap\itsatrap\itsatrap\itsatrap\Debug\link.2008-cvtres.read.1.tlog
C:\Users\Enrico\itsatrap\itsatrap\itsatrap\itsatrap\Debug\link.2008-cvtres.write.1.tlog
C:\Users\Enrico\itsatrap\itsatrap\itsatrap\itsatrap\Debug\link.3288.read.1.tlog
C:\Users\Enrico\itsatrap\itsatrap\itsatrap\itsatrap\Debug\link.3288.write.1.tlog
C:\Users\Enrico\itsatrap\itsatrap\itsatrap\itsatrap\Debug\link.3288-cvtres.read.1.tlog
C:\Users\Enrico\itsatrap\itsatrap\itsatrap\itsatrap\Debug\link.3288-cvtres.write.1.tlog
C:\Users\Enrico\itsatrap\itsatrap\itsatrap\itsatrap\Debug\link.command.1.tlog
C:\Users\Enrico\itsatrap\itsatrap\itsatrap\itsatrap\Debug\link.read.1.tlog
C:\Users\Enrico\itsatrap\itsatrap\itsatrap\itsatrap\Debug\link.write.1.tlog
C:\Users\Enrico\itsatrap\itsatrap\itsatrap\itsatrap\Debug\link-cvtres.read.1.tlog
C:\Users\Enrico\itsatrap\itsatrap\itsatrap\itsatrap\Debug\link-cvtres.write.1.tlog
C:\USERS\ENRICO\ITSATRAP\ITSATRAP\ITSATRAP\ITSATRAP\DEBUG\MATRIXTRANSFORM.OBJ
C:\Users\Enrico\itsatrap\itsatrap\itsatrap\itsatrap\Debug\mt.command.1.tlog
C:\Users\Enrico\itsatrap\itsatrap\itsatrap\itsatrap\Debug\mt.read.1.tlog
C:\Users\Enrico\itsatrap\itsatrap\itsatrap\itsatrap\Debug\mt.write.1.tlog
C:\USERS\ENRICO\ITSATRAP\ITSATRAP\ITSATRAP\ITSATRAP\DEBUG\NODE.OBJ
C:\Users\Enrico\itsatrap\itsatrap\itsatrap\itsatrap\Debug\rc.command.1.tlog
C:\Users\Enrico\itsatrap\itsatrap\itsatrap\itsatrap\Debug\rc.read.1.tlog
C:\Users\Enrico\itsatrap\itsatrap\itsatrap\itsatrap\Debug\rc.write.1.tlog
C:\USERS\ENRICO\ITSATRAP\ITSATRAP\ITSATRAP\ITSATRAP\DEBUG\SPHERE.OBJ
C:\Users\Enrico\itsatrap\itsatrap\itsatrap\itsatrap\Debug\vc100.idb
C:\USERS\ENRICO\ITSATRAP\ITSATRAP\ITSATRAP\ITSATRAP\DEBUG\VC100.PDB
