C:\USERS\ALVIN\DESKTOP\125\MERGING\ITSATRAP\COMMON\DEBUG\COMMON.DLL.INTERMEDIATE.MANIFEST
C:\USERS\ALVIN\DESKTOP\125\MERGING\ITSATRAP\COMMON\DEBUG\CONFIGSETTINGS.OBJ
C:\USERS\ALVIN\DESKTOP\125\MERGING\ITSATRAP\COMMON\DEBUG\DYNAMICWORLD.OBJ
C:\USERS\ALVIN\DESKTOP\125\MERGING\ITSATRAP\COMMON\DEBUG\STOPWATCH.OBJ
C:\USERS\ALVIN\DESKTOP\125\MERGING\ITSATRAP\COMMON\DEBUG\VC100.PDB
C:\USERS\ALVIN\DESKTOP\125\MERGING\ITSATRAP\DEBUG\COMMON.DLL
C:\Users\alvin\Desktop\125\merging\itsatrap\Debug\Common.exp
C:\Users\alvin\Desktop\125\merging\itsatrap\Debug\Common.lib
C:\USERS\ALVIN\DESKTOP\125\MERGING\ITSATRAP\DEBUG\COMMON.PDB
C:\USERS\ALVIN\DESKTOP\125\WOKRING\ITSATRAP\COMMON\DEBUG\COMMON.DLL.INTERMEDIATE.MANIFEST
C:\USERS\ALVIN\DESKTOP\125\WOKRING\ITSATRAP\COMMON\DEBUG\DYNAMICWORLD.OBJ
C:\USERS\ALVIN\DESKTOP\125\WOKRING\ITSATRAP\COMMON\DEBUG\STATICWORLD.OBJ
C:\USERS\ALVIN\DESKTOP\125\WOKRING\ITSATRAP\COMMON\DEBUG\VC100.PDB
C:\USERS\ALVIN\DESKTOP\125\WOKRING\ITSATRAP\DEBUG\COMMON.DLL
C:\Users\alvin\Desktop\125\wokring\itsatrap\Debug\Common.exp
C:\Users\alvin\Desktop\125\wokring\itsatrap\Debug\Common.lib
C:\USERS\ALVIN\DESKTOP\125\WOKRING\ITSATRAP\DEBUG\COMMON.PDB
C:\Users\alvin\Desktop\125\working\itsatrap\Common\Debug\cl.command.1.tlog
C:\Users\alvin\Desktop\125\working\itsatrap\Common\Debug\CL.read.1.tlog
C:\Users\alvin\Desktop\125\working\itsatrap\Common\Debug\CL.write.1.tlog
C:\USERS\ALVIN\DESKTOP\125\WORKING\ITSATRAP\COMMON\DEBUG\COMMON.DLL.INTERMEDIATE.MANIFEST
C:\Users\alvin\Desktop\125\working\itsatrap\Common\Debug\Common.vcxprojResolveAssemblyReference.cache
C:\Users\alvin\Desktop\125\working\itsatrap\Common\Debug\Common.write.1.tlog
C:\USERS\ALVIN\DESKTOP\125\WORKING\ITSATRAP\COMMON\DEBUG\CONFIGSETTINGS.OBJ
C:\USERS\ALVIN\DESKTOP\125\WORKING\ITSATRAP\COMMON\DEBUG\DYNAMICWORLD.OBJ
C:\Users\alvin\Desktop\125\working\itsatrap\Common\Debug\link.command.1.tlog
C:\Users\alvin\Desktop\125\working\itsatrap\Common\Debug\link.read.1.tlog
C:\Users\alvin\Desktop\125\working\itsatrap\Common\Debug\link.write.1.tlog
C:\Users\alvin\Desktop\125\working\itsatrap\Common\Debug\mt.command.1.tlog
C:\Users\alvin\Desktop\125\working\itsatrap\Common\Debug\mt.read.1.tlog
C:\Users\alvin\Desktop\125\working\itsatrap\Common\Debug\mt.write.1.tlog
C:\USERS\ALVIN\DESKTOP\125\WORKING\ITSATRAP\COMMON\DEBUG\STATICWORLD.OBJ
C:\USERS\ALVIN\DESKTOP\125\WORKING\ITSATRAP\COMMON\DEBUG\STOPWATCH.OBJ
C:\Users\alvin\Desktop\125\working\itsatrap\Common\Debug\vc100.idb
C:\USERS\ALVIN\DESKTOP\125\WORKING\ITSATRAP\COMMON\DEBUG\VC100.PDB
C:\USERS\ALVIN\DESKTOP\125\WORKING\ITSATRAP\DEBUG\COMMON.DLL
C:\Users\alvin\Desktop\125\working\itsatrap\Debug\Common.exp
C:\Users\alvin\Desktop\125\working\itsatrap\Debug\Common.lib
C:\USERS\ALVIN\DESKTOP\125\WORKING\ITSATRAP\DEBUG\COMMON.PDB
C:\USERS\ALVIN\ITSATRAP\ITSATRAP\COMMON\DEBUG\COMMON.DLL.INTERMEDIATE.MANIFEST
C:\USERS\ALVIN\ITSATRAP\ITSATRAP\COMMON\DEBUG\DYNAMICWORLD.OBJ
C:\USERS\ALVIN\ITSATRAP\ITSATRAP\COMMON\DEBUG\STATICWORLD.OBJ
C:\USERS\ALVIN\ITSATRAP\ITSATRAP\COMMON\DEBUG\VC100.PDB
C:\USERS\ALVIN\ITSATRAP\ITSATRAP\DEBUG\COMMON.DLL
C:\Users\alvin\itsatrap\itsatrap\Debug\Common.exp
C:\Users\alvin\itsatrap\itsatrap\Debug\Common.lib
C:\USERS\ALVIN\ITSATRAP\ITSATRAP\DEBUG\COMMON.PDB
